15-04-11 15:26:18,390 INFO  org.springframework.context.support.ClassPathXmlApplicationContext(AbstractApplicationContext.java:495) ## Refreshing org.springframework.context.support.ClassPathXmlApplicationContext@4c98385c: startup date [Sat Apr 11 15:26:18 CST 2015]; root of context hierarchy
15-04-11 15:26:19,092 INFO  org.springframework.beans.factory.xml.XmlBeanDefinitionReader(XmlBeanDefinitionReader.java:315) ## Loading XML bean definitions from file [F:\workplace\datamonitor\target\classes\applicationContext-mybatis.xml]
15-04-11 15:26:20,013 INFO  org.springframework.beans.factory.xml.XmlBeanDefinitionReader(XmlBeanDefinitionReader.java:315) ## Loading XML bean definitions from file [F:\workplace\datamonitor\target\classes\applicationContext.xml]
15-04-11 15:26:22,916 INFO  org.springframework.beans.factory.support.DefaultListableBeanFactory(DefaultListableBeanFactory.java:557) ## Pre-instantiating singletons in org.springframework.beans.factory.support.DefaultListableBeanFactory@49993335: defining beans [sqlSessionFactory,org.mybatis.spring.mapper.MapperScannerConfigurer#0,dataSource,sqlSessionFactory3,org.mybatis.spring.mapper.MapperScannerConfigurer#1,dataSource3,sqlSessionFactory2,org.mybatis.spring.mapper.MapperScannerConfigurer#2,dataSource2,org.springframework.context.annotation.internalConfigurationAnnotationProcessor,org.springframework.context.annotation.internalAutowiredAnnotationProcessor,org.springframework.context.annotation.internalRequiredAnnotationProcessor,org.springframework.context.annotation.internalCommonAnnotationProcessor,crawlerMonitor,extractorMonitor,Monitor,extractorSourceData,crawlerSourceData,destSource,org.springframework.context.annotation.ConfigurationClassPostProcessor$ImportAwareBeanPostProcessor#0]; root of factory hierarchy
15-04-11 15:26:24,963 INFO  org.springframework.beans.factory.xml.XmlBeanDefinitionReader(XmlBeanDefinitionReader.java:315) ## Loading XML bean definitions from class path resource [org/springframework/jdbc/support/sql-error-codes.xml]
15-04-11 15:26:25,183 INFO  org.springframework.jdbc.support.SQLErrorCodesFactory(SQLErrorCodesFactory.java:126) ## SQLErrorCodes loaded: [DB2, Derby, H2, HSQL, Informix, MS-SQL, MySQL, Oracle, PostgreSQL, Sybase]
15-04-11 15:50:05,160 INFO  org.springframework.context.support.ClassPathXmlApplicationContext(AbstractApplicationContext.java:510) ## Refreshing org.springframework.context.support.ClassPathXmlApplicationContext@6bf2d08e: startup date [Sat Apr 11 15:50:05 CST 2015]; root of context hierarchy
15-04-11 15:50:05,348 INFO  org.springframework.beans.factory.xml.XmlBeanDefinitionReader(XmlBeanDefinitionReader.java:317) ## Loading XML bean definitions from file [F:\workplace\datamonitor\target\classes\applicationContext-mybatis.xml]
15-04-11 15:50:05,621 INFO  org.springframework.beans.factory.xml.XmlBeanDefinitionReader(XmlBeanDefinitionReader.java:317) ## Loading XML bean definitions from file [F:\workplace\datamonitor\target\classes\applicationContext.xml]
15-04-11 15:50:09,353 INFO  org.springframework.beans.factory.xml.XmlBeanDefinitionReader(XmlBeanDefinitionReader.java:317) ## Loading XML bean definitions from class path resource [org/springframework/jdbc/support/sql-error-codes.xml]
15-04-11 15:50:09,548 INFO  org.springframework.jdbc.support.SQLErrorCodesFactory(SQLErrorCodesFactory.java:126) ## SQLErrorCodes loaded: [DB2, Derby, H2, HSQL, Informix, MS-SQL, MySQL, Oracle, PostgreSQL, Sybase]
15-04-11 15:51:15,641 INFO  org.springframework.context.support.ClassPathXmlApplicationContext(AbstractApplicationContext.java:510) ## Refreshing org.springframework.context.support.ClassPathXmlApplicationContext@6bf2d08e: startup date [Sat Apr 11 15:51:15 CST 2015]; root of context hierarchy
15-04-11 15:51:15,764 INFO  org.springframework.beans.factory.xml.XmlBeanDefinitionReader(XmlBeanDefinitionReader.java:317) ## Loading XML bean definitions from file [F:\workplace\datamonitor\target\classes\applicationContext-mybatis.xml]
15-04-11 15:51:15,970 INFO  org.springframework.beans.factory.xml.XmlBeanDefinitionReader(XmlBeanDefinitionReader.java:317) ## Loading XML bean definitions from file [F:\workplace\datamonitor\target\classes\applicationContext.xml]
15-04-11 15:51:20,247 INFO  org.springframework.beans.factory.xml.XmlBeanDefinitionReader(XmlBeanDefinitionReader.java:317) ## Loading XML bean definitions from class path resource [org/springframework/jdbc/support/sql-error-codes.xml]
15-04-11 15:51:20,417 INFO  org.springframework.jdbc.support.SQLErrorCodesFactory(SQLErrorCodesFactory.java:126) ## SQLErrorCodes loaded: [DB2, Derby, H2, HSQL, Informix, MS-SQL, MySQL, Oracle, PostgreSQL, Sybase]
15-04-11 15:51:51,223 INFO  org.springframework.context.support.ClassPathXmlApplicationContext(AbstractApplicationContext.java:510) ## Refreshing org.springframework.context.support.ClassPathXmlApplicationContext@6bf2d08e: startup date [Sat Apr 11 15:51:51 CST 2015]; root of context hierarchy
15-04-11 15:51:51,340 INFO  org.springframework.beans.factory.xml.XmlBeanDefinitionReader(XmlBeanDefinitionReader.java:317) ## Loading XML bean definitions from file [F:\workplace\datamonitor\target\classes\applicationContext-mybatis.xml]
15-04-11 15:51:51,530 INFO  org.springframework.beans.factory.xml.XmlBeanDefinitionReader(XmlBeanDefinitionReader.java:317) ## Loading XML bean definitions from file [F:\workplace\datamonitor\target\classes\applicationContext.xml]
15-04-11 15:51:53,526 INFO  org.springframework.beans.factory.xml.XmlBeanDefinitionReader(XmlBeanDefinitionReader.java:317) ## Loading XML bean definitions from class path resource [org/springframework/jdbc/support/sql-error-codes.xml]
15-04-11 15:51:53,610 INFO  org.springframework.jdbc.support.SQLErrorCodesFactory(SQLErrorCodesFactory.java:126) ## SQLErrorCodes loaded: [DB2, Derby, H2, HSQL, Informix, MS-SQL, MySQL, Oracle, PostgreSQL, Sybase]
15-04-11 15:52:10,022 INFO  org.springframework.context.support.ClassPathXmlApplicationContext(AbstractApplicationContext.java:510) ## Refreshing org.springframework.context.support.ClassPathXmlApplicationContext@6bf2d08e: startup date [Sat Apr 11 15:52:10 CST 2015]; root of context hierarchy
15-04-11 15:52:10,147 INFO  org.springframework.beans.factory.xml.XmlBeanDefinitionReader(XmlBeanDefinitionReader.java:317) ## Loading XML bean definitions from file [F:\workplace\datamonitor\target\classes\applicationContext-mybatis.xml]
15-04-11 15:52:10,339 INFO  org.springframework.beans.factory.xml.XmlBeanDefinitionReader(XmlBeanDefinitionReader.java:317) ## Loading XML bean definitions from file [F:\workplace\datamonitor\target\classes\applicationContext.xml]
15-04-11 15:52:12,829 INFO  org.springframework.beans.factory.xml.XmlBeanDefinitionReader(XmlBeanDefinitionReader.java:317) ## Loading XML bean definitions from class path resource [org/springframework/jdbc/support/sql-error-codes.xml]
15-04-11 15:52:13,048 INFO  org.springframework.jdbc.support.SQLErrorCodesFactory(SQLErrorCodesFactory.java:126) ## SQLErrorCodes loaded: [DB2, Derby, H2, HSQL, Informix, MS-SQL, MySQL, Oracle, PostgreSQL, Sybase]
15-04-11 15:52:36,020 INFO  org.springframework.context.support.ClassPathXmlApplicationContext(AbstractApplicationContext.java:510) ## Refreshing org.springframework.context.support.ClassPathXmlApplicationContext@6bf2d08e: startup date [Sat Apr 11 15:52:36 CST 2015]; root of context hierarchy
15-04-11 15:52:36,132 INFO  org.springframework.beans.factory.xml.XmlBeanDefinitionReader(XmlBeanDefinitionReader.java:317) ## Loading XML bean definitions from file [F:\workplace\datamonitor\target\classes\applicationContext-mybatis.xml]
15-04-11 15:52:36,307 INFO  org.springframework.beans.factory.xml.XmlBeanDefinitionReader(XmlBeanDefinitionReader.java:317) ## Loading XML bean definitions from file [F:\workplace\datamonitor\target\classes\applicationContext.xml]
15-04-11 15:52:38,958 INFO  org.springframework.beans.factory.xml.XmlBeanDefinitionReader(XmlBeanDefinitionReader.java:317) ## Loading XML bean definitions from class path resource [org/springframework/jdbc/support/sql-error-codes.xml]
15-04-11 15:52:39,095 INFO  org.springframework.jdbc.support.SQLErrorCodesFactory(SQLErrorCodesFactory.java:126) ## SQLErrorCodes loaded: [DB2, Derby, H2, HSQL, Informix, MS-SQL, MySQL, Oracle, PostgreSQL, Sybase]
15-04-11 16:04:09,102 INFO  org.springframework.context.support.ClassPathXmlApplicationContext(AbstractApplicationContext.java:510) ## Refreshing org.springframework.context.support.ClassPathXmlApplicationContext@6bf2d08e: startup date [Sat Apr 11 16:04:09 CST 2015]; root of context hierarchy
15-04-11 16:04:09,201 INFO  org.springframework.beans.factory.xml.XmlBeanDefinitionReader(XmlBeanDefinitionReader.java:317) ## Loading XML bean definitions from file [F:\workplace\datamonitor\target\classes\applicationContext-mybatis.xml]
15-04-11 16:04:09,373 INFO  org.springframework.beans.factory.xml.XmlBeanDefinitionReader(XmlBeanDefinitionReader.java:317) ## Loading XML bean definitions from file [F:\workplace\datamonitor\target\classes\applicationContext.xml]
